#
# A fatal error has been detected by the Java Runtime Environment:
#
#  SIGSEGV (0xb) at pc=0x00007f90190696ba, pid=3242, tid=140255572100864
#
# JRE version: Java(TM) SE Runtime Environment (8.0_72-b15) (build 1.8.0_72-b15)
# Java VM: Java HotSpot(TM) 64-Bit Server VM (25.72-b15 mixed mode linux-amd64 compressed oops)
# Problematic frame:
# v  ~BufferBlob::jni_fast_GetLongField
#
# Failed to write core dump. Core dumps have been disabled. To enable core dumping, try "ulimit -c unlimited" before starting Java again
#
# If you would like to submit a bug report, please visit:
#   http://bugreport.java.com/bugreport/crash.jsp
# The crash happened outside the Java Virtual Machine in native code.
# See problematic frame for where to report the bug.
#

---------------  T H R E A D  ---------------

Current thread (0x00007f9028238000):  JavaThread "AWT-XAWT" daemon [_thread_in_native, id=3268, stack(0x00007f8fcb7d8000,0x00007f8fcb8d9000)]

siginfo: si_signo: 11 (SIGSEGV), si_code: 1 (SEGV_MAPERR), si_addr: 0x0000000000000000

Registers:
RAX=0x00007f902f7ec0a0, RBX=0x00007f90282381f8, RCX=0x00007f903024e320, RDX=0x0000000000000042
RSP=0x00007f8fcb8d7778, RBP=0x00007f8fcb8d77a0, RSI=0x0000000000000000, RDI=0x00007f90282381f8
R8 =0x00000000d6e76260, R9 =0x0000000000000000, R10=0x0000000000000184, R11=0x00007f9019449258
R12=0x00007f8fb008ec60, R13=0x0000000000000000, R14=0x00007f8ff16757e0, R15=0x00007f9028238000
RIP=0x00007f90190696ba, EFLAGS=0x0000000000010246, CSGSFS=0x0000000000000033, ERR=0x0000000000000004
  TRAPNO=0x000000000000000e

Top of Stack: (sp=0x00007f8fcb8d7778)
0x00007f8fcb8d7778:   00007f8ff1453ef1 00007f90188c8cf8
0x00007f8fcb8d7788:   00007f8fb008ec60 00007f8fcb8d7850
0x00007f8fcb8d7798:   00007f8fcb8d7820 0000000000000000
0x00007f8fcb8d77a8:   00007f8ff0f37ae8 00007f90188c8cf8
0x00007f8fcb8d77b8:   00007f8fcb8d77e0 0000000000000000
0x00007f8fcb8d77c8:   00007f8ff0f2f9a3 00007f8fcb8d7850
0x00007f8fcb8d77d8:   00007f8ff144d12f 00007f8fcb8d7830
0x00007f8fcb8d77e8:   00007f90194492f6 0000000000000000
0x00007f8fcb8d77f8:   00007f9019292f76 00007f8fcb8d7850
0x00007f8fcb8d7808:   00007f901915f9ac 00007f8fcb8d78b0
0x00007f8fcb8d7818:   00000000d70a90a8 00000000d70a9e10
0x00007f8fcb8d7828:   0000000000000001 00007f8fcb8d78b0
0x00007f8fcb8d7838:   00007f9019007420 00007f8fcb8d78b0
0x00007f8fcb8d7848:   00007f9019007420 0000000000000000
0x00007f8fcb8d7858:   00007f9019007760 00007f8fb8000e30
0x00007f8fcb8d7868:   00000000d711a208 00007f8fcb8d7870
0x00007f8fcb8d7878:   00007f90188a8acc 00007f8fcb8d78f8
0x00007f8fcb8d7888:   00007f90188b1a50 0000000000000000
0x00007f8fcb8d7898:   00007f90188a8c08 00007f8fcb8d7850
0x00007f8fcb8d78a8:   00007f8fcb8d78f0 00007f8fcb8d7940
0x00007f8fcb8d78b8:   00007f9019007c4d 0000000000000000
0x00007f8fcb8d78c8:   00000000d74f3270 0000000000000000
0x00007f8fcb8d78d8:   0000000000000000 0000000000000000
0x00007f8fcb8d78e8:   00000000d711a208 0000000000000000
0x00007f8fcb8d78f8:   00000000d70dc298 00007f8fcb8d7900
0x00007f8fcb8d7908:   00007f90188a890d 00007f8fcb8d7950
0x00007f8fcb8d7918:   00007f90188b1a50 0000000000000000
0x00007f8fcb8d7928:   00007f90188a8918 00007f8fcb8d78f0
0x00007f8fcb8d7938:   00007f8fcb8d7950 00007f8fcb8d7998
0x00007f8fcb8d7948:   00007f9019007c92 00000000d70dc298
0x00007f8fcb8d7958:   00007f8fcb8d7958 00007f90184528db
0x00007f8fcb8d7968:   00007f8fcb8d79a8 00007f90184d9dc8 

Instructions: (pc=0x00007f90190696ba)
0x00007f901906969a:   00 00 00 00 00 00 44 8b 15 a1 1f 7c 16 4c 8b ce
0x00007f90190696aa:   41 f6 c2 01 0f 85 2e 00 00 00 4d 33 ca 4d 33 ca
0x00007f90190696ba:   4d 8b 09 4c 8b da 49 c1 eb 02 4b 8b 04 19 49 bb
0x00007f90190696ca:   48 b6 82 2f 90 7f 00 00 4c 33 d8 4c 33 d8 45 3b 

Register to memory mapping:

RAX=0x00007f902f7ec0a0: <offset 0xf760a0> in /usr/lib/jvm/java-8-oracle/jre/lib/amd64/server/libjvm.so at 0x00007f902e876000
RBX=0x00007f90282381f8 is an unknown value
RCX=0x00007f903024e320: <offset 0x219320> in /lib/x86_64-linux-gnu/libpthread.so.0 at 0x00007f9030035000
RDX=0x0000000000000042 is an unknown value
RSP=0x00007f8fcb8d7778 is pointing into the stack for thread: 0x00007f9028238000
RBP=0x00007f8fcb8d77a0 is pointing into the stack for thread: 0x00007f9028238000
RSI=0x0000000000000000 is an unknown value
RDI=0x00007f90282381f8 is an unknown value
R8 =0x00000000d6e76260 is an oop
sun.util.logging.PlatformLogger$Level 
 - klass: 'sun/util/logging/PlatformLogger$Level'
R9 =0x0000000000000000 is an unknown value
R10=0x0000000000000184 is an unknown value
R11=0x00007f9019449258 is at entry_point+24 in (nmethod*)0x00007f90194490d0
R12=0x00007f8fb008ec60 is an unknown value
R13=0x0000000000000000 is an unknown value
R14=0x00007f8ff16757e0: <offset 0x2587e0> in /usr/lib/jvm/java-8-oracle/jre/lib/amd64/libawt_xawt.so at 0x00007f8ff141d000
R15=0x00007f9028238000 is a thread


Stack: [0x00007f8fcb7d8000,0x00007f8fcb8d9000],  sp=0x00007f8fcb8d7778,  free space=1021k
Native frames: (J=compiled Java code, j=interpreted, Vv=VM code, C=native code)
v  ~BufferBlob::jni_fast_GetLongField
C  [libX11.so.6+0x61ae8]  _XimServerDestroy+0x58

Java frames: (J=compiled Java code, j=interpreted, Vv=VM code)
J 1376  sun.awt.X11.XlibWrapper.XFilterEvent(JJ)Z (0 bytes) @ 0x00007f9019449284 [0x00007f9019449240+0x44]
j  sun.awt.X11.XToolkit.run(Z)V+300
j  sun.awt.X11.XToolkit.run()V+5
j  java.lang.Thread.run()V+11
v  ~StubRoutines::call_stub

---------------  P R O C E S S  ---------------

Java Threads: ( => current thread )
  0x00007f8fa802c000 JavaThread "Thread-2" [_thread_in_native, id=3301, stack(0x00007f8fca19b000,0x00007f8fca29c000)]
  0x00007f8fa8013000 JavaThread "Thread-1" [_thread_in_native, id=3299, stack(0x00007f8fca29c000,0x00007f8fca39d000)]
  0x00007f8fb0077000 JavaThread "Thread-0" [_thread_in_native, id=3272, stack(0x00007f8fcaafb000,0x00007f8fcabfc000)]
  0x00007f8fb0054000 JavaThread "TimerQueue" daemon [_thread_blocked, id=3271, stack(0x00007f8fcabfc000,0x00007f8fcacfd000)]
  0x00007f9028009800 JavaThread "DestroyJavaVM" [_thread_blocked, id=3247, stack(0x00007f9030359000,0x00007f903045a000)]
=>0x00007f9028238000 JavaThread "AWT-XAWT" daemon [_thread_in_native, id=3268, stack(0x00007f8fcb7d8000,0x00007f8fcb8d9000)]
  0x00007f9028219000 JavaThread "Java2D Disposer" daemon [_thread_blocked, id=3267, stack(0x00007f8fcbce9000,0x00007f8fcbdea000)]
  0x00007f90280d2800 JavaThread "Service Thread" daemon [_thread_blocked, id=3265, stack(0x00007f8ff1a49000,0x00007f8ff1b4a000)]
  0x00007f90280c7800 JavaThread "C1 CompilerThread3" daemon [_thread_blocked, id=3264, stack(0x00007f8ff1b4a000,0x00007f8ff1c4b000)]
  0x00007f90280c5000 JavaThread "C2 CompilerThread2" daemon [_thread_blocked, id=3263, stack(0x00007f8ff1c4b000,0x00007f8ff1d4c000)]
  0x00007f90280c3800 JavaThread "C2 CompilerThread1" daemon [_thread_blocked, id=3262, stack(0x00007f8ff1d4c000,0x00007f8ff1e4d000)]
  0x00007f90280c0800 JavaThread "C2 CompilerThread0" daemon [_thread_blocked, id=3261, stack(0x00007f8ff1e4d000,0x00007f8ff1f4e000)]
  0x00007f90280bf000 JavaThread "Signal Dispatcher" daemon [_thread_blocked, id=3260, stack(0x00007f8ff1f4e000,0x00007f8ff204f000)]
  0x00007f902808c000 JavaThread "Finalizer" daemon [_thread_blocked, id=3258, stack(0x00007f8ff2743000,0x00007f8ff2844000)]
  0x00007f9028087800 JavaThread "Reference Handler" daemon [_thread_blocked, id=3257, stack(0x00007f8ff2844000,0x00007f8ff2945000)]

Other Threads:
  0x00007f9028080000 VMThread [stack: 0x00007f8ff2945000,0x00007f8ff2a46000] [id=3256]
  0x00007f90280d5800 WatcherThread [stack: 0x00007f8ff1948000,0x00007f8ff1a49000] [id=3266]

VM state:not at safepoint (normal execution)

VM Mutex/Monitor currently owned by a thread: None

Heap:
 PSYoungGen      total 36864K, used 20955K [0x00000000d6e00000, 0x00000000d9700000, 0x0000000100000000)
  eden space 31744K, 66% used [0x00000000d6e00000,0x00000000d8276c40,0x00000000d8d00000)
  from space 5120K, 0% used [0x00000000d9200000,0x00000000d9200000,0x00000000d9700000)
  to   space 5120K, 0% used [0x00000000d8d00000,0x00000000d8d00000,0x00000000d9200000)
 ParOldGen       total 84992K, used 0K [0x0000000084a00000, 0x0000000089d00000, 0x00000000d6e00000)
  object space 84992K, 0% used [0x0000000084a00000,0x0000000084a00000,0x0000000089d00000)
 Metaspace       used 15988K, capacity 16250K, committed 16384K, reserved 1062912K
  class space    used 1903K, capacity 1995K, committed 2048K, reserved 1048576K

Card table byte_map: [0x00007f902cd3a000,0x00007f902d116000] byte_map_base: 0x00007f902c915000

Marking Bits: (ParMarkBitMap*) 0x00007f902f82b100
 Begin Bits: [0x00007f8ff8250000, 0x00007f8ffa128000)
 End Bits:   [0x00007f8ffa128000, 0x00007f8ffc000000)

Polling page: 0x00007f9030472000

CodeCache: size=245760Kb used=6344Kb max_used=6355Kb free=239415Kb
 bounds [0x00007f9019000000, 0x00007f9019640000, 0x00007f9028000000]
 total_blobs=2501 nmethods=1919 adapters=494
 compilation: enabled

Compilation events (10 events):
Event: 790.420 Thread 0x00007f90280c7800 2007       3       java.util.Vector::<init> (53 bytes)
Event: 790.422 Thread 0x00007f90280c7800 nmethod 2007 0x00007f9019632910 code [0x00007f9019632ac0, 0x00007f9019632f78]
Event: 795.535 Thread 0x00007f90280c7800 2008   !   3       sun.awt.X11.XToolkit$1::dispatchEvent (34 bytes)
Event: 795.537 Thread 0x00007f90280c7800 nmethod 2008 0x00007f9019633150 code [0x00007f90196333a0, 0x00007f90196341b8]
Event: 795.537 Thread 0x00007f90280c7800 2009       3       sun.awt.X11.XMSelection$1::dispatchEvent (10 bytes)
Event: 795.538 Thread 0x00007f90280c7800 nmethod 2009 0x00007f9019634890 code [0x00007f9019634a40, 0x00007f9019634e98]
Event: 986.104 Thread 0x00007f90280c0800 2010   !   4       sun.awt.X11.XToolkit::callTimeoutTasks (220 bytes)
Event: 986.109 Thread 0x00007f90280c0800 nmethod 2010 0x00007f9019637f10 code [0x00007f9019638080, 0x00007f90196381d8]
Event: 1643.885 Thread 0x00007f90280c3800 2011   !   4       sun.awt.X11.XToolkit::getNextTaskTime (55 bytes)
Event: 1643.901 Thread 0x00007f90280c3800 nmethod 2011 0x00007f9019636150 code [0x00007f90196362e0, 0x00007f90196365e8]

GC Heap History (0 events):
No events

Deoptimization events (10 events):
Event: 1.788 Thread 0x00007f90282c2000 Uncommon trap: reason=class_check action=maybe_recompile pc=0x00007f901915b0e4 method=java.lang.String.equals(Ljava/lang/Object;)Z @ 8
Event: 1.827 Thread 0x00007f90282c2000 Uncommon trap: reason=class_check action=maybe_recompile pc=0x00007f901915b0e4 method=java.lang.String.equals(Ljava/lang/Object;)Z @ 8
Event: 1.827 Thread 0x00007f90282c2000 Uncommon trap: reason=class_check action=maybe_recompile pc=0x00007f901915b0e4 method=java.lang.String.equals(Ljava/lang/Object;)Z @ 8
Event: 5.394 Thread 0x00007f90282c2000 Uncommon trap: reason=bimorphic action=maybe_recompile pc=0x00007f901921ab38 method=java.util.HashMap.putVal(ILjava/lang/Object;Ljava/lang/Object;ZZ)Ljava/lang/Object; @ 253
Event: 5.396 Thread 0x00007f90282c2000 Uncommon trap: reason=bimorphic action=maybe_recompile pc=0x00007f901921ab38 method=java.util.HashMap.putVal(ILjava/lang/Object;Ljava/lang/Object;ZZ)Ljava/lang/Object; @ 253
Event: 5.399 Thread 0x00007f90282c2000 Uncommon trap: reason=bimorphic action=maybe_recompile pc=0x00007f901921ab38 method=java.util.HashMap.putVal(ILjava/lang/Object;Ljava/lang/Object;ZZ)Ljava/lang/Object; @ 253
Event: 5.400 Thread 0x00007f90282c2000 Uncommon trap: reason=bimorphic action=maybe_recompile pc=0x00007f901921ab38 method=java.util.HashMap.putVal(ILjava/lang/Object;Ljava/lang/Object;ZZ)Ljava/lang/Object; @ 253
Event: 10.949 Thread 0x00007f8fb0077000 Uncommon trap: reason=unstable_if action=reinterpret pc=0x00007f90193452dc method=java.lang.StrictMath.floorOrCeil(DDDD)D @ 8
Event: 22.799 Thread 0x00007f90282c2000 Uncommon trap: reason=unstable_if action=reinterpret pc=0x00007f90194be6d0 method=java.awt.geom.AffineTransform.translate(DD)V @ 384
Event: 22.836 Thread 0x00007f90282c2000 Uncommon trap: reason=unstable_if action=reinterpret pc=0x00007f901920ccf0 method=java.lang.StrictMath.floorOrCeil(DDDD)D @ 24

Internal exceptions (10 events):
Event: 0.314 Thread 0x00007f9028009800 Exception <a 'java/lang/ClassNotFoundException': Tree> (0x00000000d72e7430) thrown at [/HUDSON/workspace/8-2-build-linux-amd64/jdk8u72/5732/hotspot/src/share/vm/classfile/systemDictionary.cpp, line 210]
Event: 0.314 Thread 0x00007f9028009800 Exception <a 'java/lang/ClassNotFoundException': Tree> (0x00000000d72e7b70) thrown at [/HUDSON/workspace/8-2-build-linux-amd64/jdk8u72/5732/hotspot/src/share/vm/classfile/systemDictionary.cpp, line 210]
Event: 0.314 Thread 0x00007f9028009800 Exception <a 'java/lang/ClassNotFoundException': javax/swing/JTreeCell> (0x00000000d72e7ef0) thrown at [/HUDSON/workspace/8-2-build-linux-amd64/jdk8u72/5732/hotspot/src/share/vm/classfile/systemDictionary.cpp, line 210]
Event: 0.314 Thread 0x00007f9028009800 Exception <a 'java/lang/ClassNotFoundException': TreeCell> (0x00000000d72e8378) thrown at [/HUDSON/workspace/8-2-build-linux-amd64/jdk8u72/5732/hotspot/src/share/vm/classfile/systemDictionary.cpp, line 210]
Event: 0.315 Thread 0x00007f9028009800 Exception <a 'java/lang/ClassNotFoundException': RootPane> (0x00000000d72e8dd8) thrown at [/HUDSON/workspace/8-2-build-linux-amd64/jdk8u72/5732/hotspot/src/share/vm/classfile/systemDictionary.cpp, line 210]
Event: 0.367 Thread 0x00007f90282c2000 Implicit null exception at 0x00007f90191c68b5 to 0x00007f90191c6c01
Event: 0.654 Thread 0x00007f90282c2000 Exception <a 'java/lang/UnsupportedOperationException': > (0x00000000d76b8828) thrown at [/HUDSON/workspace/8-2-build-linux-amd64/jdk8u72/5732/hotspot/src/share/vm/prims/jni.cpp, line 735]
Event: 11.149 Thread 0x00007f90282c2000 Exception <a 'java/lang/UnsupportedOperationException': > (0x00000000d7912358) thrown at [/HUDSON/workspace/8-2-build-linux-amd64/jdk8u72/5732/hotspot/src/share/vm/prims/jni.cpp, line 735]
Event: 20.349 Thread 0x00007f90282c2000 Exception <a 'java/lang/UnsupportedOperationException': > (0x00000000d7ac54e0) thrown at [/HUDSON/workspace/8-2-build-linux-amd64/jdk8u72/5732/hotspot/src/share/vm/prims/jni.cpp, line 735]
Event: 22.908 Thread 0x00007f90282c2000 Exception <a 'java/lang/UnsupportedOperationException': > (0x00000000d7f5d8a0) thrown at [/HUDSON/workspace/8-2-build-linux-amd64/jdk8u72/5732/hotspot/src/share/vm/prims/jni.cpp, line 735]

Events (10 events):
Event: 99.882 Thread 0x00007f8fb8008000 Thread added: 0x00007f8fb8008000
Event: 99.882 Thread 0x00007f8fb8008800 Thread added: 0x00007f8fb8008800
Event: 99.882 Executing VM operation: RevokeBias
Event: 99.882 Executing VM operation: RevokeBias done
Event: 100.883 Executing VM operation: RevokeBias
Event: 100.883 Executing VM operation: RevokeBias done
Event: 100.883 Thread 0x00007f8fb8008000 Thread exited: 0x00007f8fb8008000
Event: 100.883 Thread 0x00007f8fb8008800 Thread exited: 0x00007f8fb8008800
Event: 1644.604 loading class sun/awt/X11/XDestroyWindowEvent
Event: 1644.604 loading class sun/awt/X11/XDestroyWindowEvent done


Dynamic libraries:
00400000-00401000 r-xp 00000000 08:07 2510908                            /usr/lib/jvm/java-8-oracle/bin/java
00600000-00601000 rw-p 00000000 08:07 2510908                            /usr/lib/jvm/java-8-oracle/bin/java
00ea8000-00ec9000 rw-p 00000000 00:00 0                                  [heap]
84a00000-89d00000 rw-p 00000000 00:00 0 
89d00000-d6e00000 ---p 00000000 00:00 0 
d6e00000-d9700000 rw-p 00000000 00:00 0 
d9700000-100000000 ---p 00000000 00:00 0 
100000000-100200000 rw-p 00000000 00:00 0 
100200000-140000000 ---p 00000000 00:00 0 
7f8fa0000000-7f8fa0021000 rw-p 00000000 00:00 0 
7f8fa0021000-7f8fa4000000 ---p 00000000 00:00 0 
7f8fa8000000-7f8fa8039000 rw-p 00000000 00:00 0 
7f8fa8039000-7f8fac000000 ---p 00000000 00:00 0 
7f8fac000000-7f8fac021000 rw-p 00000000 00:00 0 
7f8fac021000-7f8fb0000000 ---p 00000000 00:00 0 
7f8fb0000000-7f8fb0109000 rw-p 00000000 00:00 0 
7f8fb0109000-7f8fb4000000 ---p 00000000 00:00 0 
7f8fb4000000-7f8fb428d000 rw-p 00000000 00:00 0 
7f8fb428d000-7f8fb8000000 ---p 00000000 00:00 0 
7f8fb8000000-7f8fb828f000 rw-p 00000000 00:00 0 
7f8fb828f000-7f8fbc000000 ---p 00000000 00:00 0 
7f8fbc000000-7f8fbc021000 rw-p 00000000 00:00 0 
7f8fbc021000-7f8fc0000000 ---p 00000000 00:00 0 
7f8fc0000000-7f8fc0021000 rw-p 00000000 00:00 0 
7f8fc0021000-7f8fc4000000 ---p 00000000 00:00 0 
7f8fc4000000-7f8fc4021000 rw-p 00000000 00:00 0 
7f8fc4021000-7f8fc8000000 ---p 00000000 00:00 0 
7f8fca19b000-7f8fca19e000 ---p 00000000 00:00 0 
7f8fca19e000-7f8fca29c000 rw-p 00000000 00:00 0                          [stack:3301]
7f8fca29c000-7f8fca29f000 ---p 00000000 00:00 0 
7f8fca29f000-7f8fca59d000 rw-p 00000000 00:00 0                          [stack:3299]
7f8fca59d000-7f8fca5c7000 r-xp 00000000 08:07 669016                     /usr/lib/jvm/java-8-oracle/jre/lib/amd64/libdcpr.so
7f8fca5c7000-7f8fca7c7000 ---p 0002a000 08:07 669016                     /usr/lib/jvm/java-8-oracle/jre/lib/amd64/libdcpr.so
7f8fca7c7000-7f8fca7ca000 rw-p 0002a000 08:07 669016                     /usr/lib/jvm/java-8-oracle/jre/lib/amd64/libdcpr.so
7f8fca7ca000-7f8fca9ca000 rw-p 00000000 00:00 0 
7f8fca9ca000-7f8fca9cb000 r--s 00000000 08:07 278334                     /var/cache/fontconfig/c05880de57d1f5e948fdfacc138775d9-le64.cache-4
7f8fca9cb000-7f8fca9d6000 r--s 00000000 08:07 278328                     /var/cache/fontconfig/945677eb7aeaf62f1d50efc3fb3ec7d8-le64.cache-4
7f8fca9d6000-7f8fca9dc000 r--s 00000000 08:07 278314                     /var/cache/fontconfig/2cd17615ca594fa2959ae173292e504c-le64.cache-4
7f8fca9dc000-7f8fca9dd000 r--s 00000000 08:07 278344                     /var/cache/fontconfig/e7071f4a29fa870f4323321c154eba04-le64.cache-4
7f8fca9dd000-7f8fca9de000 r--s 00000000 08:07 278311                     /var/cache/fontconfig/0d8c3b2ac0904cb8a57a757ad11a4a08-le64.cache-4
7f8fca9de000-7f8fca9e5000 r--s 00000000 08:07 278331                     /var/cache/fontconfig/a755afe4a08bf5b97852ceb7400b47bc-le64.cache-4
7f8fca9e5000-7f8fca9f9000 r--s 00000000 08:07 278309                     /var/cache/fontconfig/04aabc0a78ac019cf9454389977116d2-le64.cache-4
7f8fca9f9000-7f8fca9fd000 r--s 00000000 08:07 278317                     /var/cache/fontconfig/385c0604a188198f04d133e54aba7fe7-le64.cache-4
7f8fca9fd000-7f8fca9ff000 r--s 00000000 08:07 278325                     /var/cache/fontconfig/767a8244fc0220cfb567a839d0392e0b-le64.cache-4
7f8fca9ff000-7f8fcaa12000 r--s 00000000 08:07 278338                     /var/cache/fontconfig/d52a8644073d54c13679302ca1180695-le64.cache-4
7f8fcaa12000-7f8fcaa2a000 r--s 00000000 08:07 267662                     /var/cache/fontconfig/e13b20fdb08344e0e664864cc2ede53d-le64.cache-4
7f8fcaa2a000-7f8fcaa48000 r--s 00000000 08:07 267660                     /var/cache/fontconfig/467c019e582ee353435ea5c21d137ef6-le64.cache-4
7f8fcaafb000-7f8fcaafe000 ---p 00000000 00:00 0 
7f8fcaafe000-7f8fcabfc000 rw-p 00000000 00:00 0                          [stack:3272]
7f8fcabfc000-7f8fcabff000 ---p 00000000 00:00 0 
7f8fcabff000-7f8fcacfd000 rw-p 00000000 00:00 0                          [stack:3271]
7f8fcacfd000-7f8fcad66000 r-xp 00000000 08:07 669044                     /usr/lib/jvm/java-8-oracle/jre/lib/amd64/libt2k.so
7f8fcad66000-7f8fcaf66000 ---p 00069000 08:07 669044                     /usr/lib/jvm/java-8-oracle/jre/lib/amd64/libt2k.so
7f8fcaf66000-7f8fcaf6d000 rw-p 00069000 08:07 669044                     /usr/lib/jvm/java-8-oracle/jre/lib/amd64/libt2k.so
7f8fcaf6d000-7f8fcb17d000 rw-p 00000000 00:00 0 
7f8fcb17d000-7f8fcb180000 ---p 00000000 00:00 0 
7f8fcb180000-7f8fcb27e000 rw-p 00000000 00:00 0 
7f8fcb27e000-7f8fcb281000 ---p 00000000 00:00 0 
7f8fcb281000-7f8fcb37f000 rw-p 00000000 00:00 0 
7f8fcb37f000-7f8fcb390000 r-xp 00000000 08:07 669043                     /usr/lib/jvm/java-8-oracle/jre/lib/amd64/libnio.so
7f8fcb390000-7f8fcb58f000 ---p 00011000 08:07 669043                     /usr/lib/jvm/java-8-oracle/jre/lib/amd64/libnio.so
7f8fcb58f000-7f8fcb590000 rw-p 00010000 08:07 669043                     /usr/lib/jvm/java-8-oracle/jre/lib/amd64/libnio.so
7f8fcb590000-7f8fcb5c1000 rw-p 00000000 00:00 0 
7f8fcb5c1000-7f8fcb5d7000 r-xp 00000000 08:07 669028                     /usr/lib/jvm/java-8-oracle/jre/lib/amd64/libnet.so
7f8fcb5d7000-7f8fcb7d7000 ---p 00016000 08:07 669028                     /usr/lib/jvm/java-8-oracle/jre/lib/amd64/libnet.so
7f8fcb7d7000-7f8fcb7d8000 rw-p 00016000 08:07 669028                     /usr/lib/jvm/java-8-oracle/jre/lib/amd64/libnet.so
7f8fcb7d8000-7f8fcb7db000 ---p 00000000 00:00 0 
7f8fcb7db000-7f8fcb8d9000 rw-p 00000000 00:00 0                          [stack:3268]
7f8fcb8d9000-7f8fcb8de000 r-xp 00000000 08:07 2486400                    /usr/lib/x86_64-linux-gnu/libXfixes.so.3.1.0
7f8fcb8de000-7f8fcbadd000 ---p 00005000 08:07 2486400                    /usr/lib/x86_64-linux-gnu/libXfixes.so.3.1.0
7f8fcbadd000-7f8fcbade000 r--p 00004000 08:07 2486400                    /usr/lib/x86_64-linux-gnu/libXfixes.so.3.1.0
7f8fcbade000-7f8fcbadf000 rw-p 00005000 08:07 2486400                    /usr/lib/x86_64-linux-gnu/libXfixes.so.3.1.0
7f8fcbadf000-7f8fcbae8000 r-xp 00000000 08:07 2494984                    /usr/lib/x86_64-linux-gnu/libXcursor.so.1.0.2
7f8fcbae8000-7f8fcbce7000 ---p 00009000 08:07 2494984                    /usr/lib/x86_64-linux-gnu/libXcursor.so.1.0.2
7f8fcbce7000-7f8fcbce8000 r--p 00008000 08:07 2494984                    /usr/lib/x86_64-linux-gnu/libXcursor.so.1.0.2
7f8fcbce8000-7f8fcbce9000 rw-p 00009000 08:07 2494984                    /usr/lib/x86_64-linux-gnu/libXcursor.so.1.0.2
7f8fcbce9000-7f8fcbcec000 ---p 00000000 00:00 0 
7f8fcbcec000-7f8fcbdea000 rw-p 00000000 00:00 0                          [stack:3267]
7f8fcbdea000-7f8fcbe00000 r-xp 00000000 08:07 2228008                    /lib/x86_64-linux-gnu/libgcc_s.so.1
7f8fcbe00000-7f8fcbfff000 ---p 00016000 08:07 2228008                    /lib/x86_64-linux-gnu/libgcc_s.so.1
7f8fcbfff000-7f8fcc000000 rw-p 00015000 08:07 2228008                    /lib/x86_64-linux-gnu/libgcc_s.so.1
7f8fcc000000-7f8fcc7f8000 rw-p 00000000 00:00 0 
7f8fcc7f8000-7f8fd0000000 ---p 00000000 00:00 0 
7f8fd0000000-7f8fd0021000 rw-p 00000000 00:00 0 
7f8fd0021000-7f8fd4000000 ---p 00000000 00:00 0 
7f8fd4000000-7f8fd40b7000 rw-p 00000000 00:00 0 
7f8fd40b7000-7f8fd8000000 ---p 00000000 00:00 0 
7f8fd8000000-7f8fd823d000 rw-p 00000000 00:00 0 
7f8fd823d000-7f8fdc000000 ---p 00000000 00:00 0 
7f8fdc000000-7f8fdc021000 rw-p 00000000 00:00 0 
7f8fdc021000-7f8fe0000000 ---p 00000000 00:00 0 
7f8fe0000000-7f8fe011b000 rw-p 00000000 00:00 0 
7f8fe011b000-7f8fe4000000 ---p 00000000 00:00 0 
7f8fe4000000-7f8fe4021000 rw-p 00000000 00:00 0 
7f8fe4021000-7f8fe8000000 ---p 00000000 00:00 0 
7f8fe8000000-7f8fe8021000 rw-p 00000000 00:00 0 
7f8fe8021000-7f8fec000000 ---p 00000000 00:00 0 
7f8fec000000-7f8fec021000 rw-p 00000000 00:00 0 
7f8fec021000-7f8ff0000000 ---p 00000000 00:00 0 
7f8ff0000000-7f8ff0007000 r--s 00000000 08:07 278315                     /var/cache/fontconfig/3047814df9a2f067bd2d96a2b9c36e5a-le64.cache-4
7f8ff0007000-7f8ff0014000 r--s 00000000 08:07 279092                     /var/cache/fontconfig/0016f91d272966d80cf1fcd12c9c3815-le64.cache-4
7f8ff0014000-7f8ff0079000 r-xp 00000000 08:07 668997                     /usr/lib/jvm/java-8-oracle/jre/lib/amd64/libfontmanager.so
7f8ff0079000-7f8ff0278000 ---p 00065000 08:07 668997                     /usr/lib/jvm/java-8-oracle/jre/lib/amd64/libfontmanager.so
7f8ff0278000-7f8ff027d000 rw-p 00064000 08:07 668997                     /usr/lib/jvm/java-8-oracle/jre/lib/amd64/libfontmanager.so
7f8ff027d000-7f8ff028d000 rw-p 00000000 00:00 0 
7f8ff028d000-7f8ff0292000 r-xp 00000000 08:07 2494988                    /usr/lib/x86_64-linux-gnu/libXdmcp.so.6.0.0
7f8ff0292000-7f8ff0491000 ---p 00005000 08:07 2494988                    /usr/lib/x86_64-linux-gnu/libXdmcp.so.6.0.0
7f8ff0491000-7f8ff0492000 r--p 00004000 08:07 2494988                    /usr/lib/x86_64-linux-gnu/libXdmcp.so.6.0.0
7f8ff0492000-7f8ff0493000 rw-p 00005000 08:07 2494988                    /usr/lib/x86_64-linux-gnu/libXdmcp.so.6.0.0
7f8ff0493000-7f8ff0495000 r-xp 00000000 08:07 2494977                    /usr/lib/x86_64-linux-gnu/libXau.so.6.0.0
7f8ff0495000-7f8ff0695000 ---p 00002000 08:07 2494977                    /usr/lib/x86_64-linux-gnu/libXau.so.6.0.0
7f8ff0695000-7f8ff0696000 r--p 00002000 08:07 2494977                    /usr/lib/x86_64-linux-gnu/libXau.so.6.0.0
7f8ff0696000-7f8ff0697000 rw-p 00003000 08:07 2494977                    /usr/lib/x86_64-linux-gnu/libXau.so.6.0.0
7f8ff0697000-7f8ff06b4000 r-xp 00000000 08:07 2496047                    /usr/lib/x86_64-linux-gnu/libxcb.so.1.1.0
7f8ff06b4000-7f8ff08b4000 ---p 0001d000 08:07 2496047                    /usr/lib/x86_64-linux-gnu/libxcb.so.1.1.0
7f8ff08b4000-7f8ff08b5000 r--p 0001d000 08:07 2496047                    /usr/lib/x86_64-linux-gnu/libxcb.so.1.1.0
7f8ff08b5000-7f8ff08b6000 rw-p 0001e000 08:07 2496047                    /usr/lib/x86_64-linux-gnu/libxcb.so.1.1.0
7f8ff08b6000-7f8ff08c5000 r-xp 00000000 08:07 2485690                    /usr/lib/x86_64-linux-gnu/libXi.so.6.1.0
7f8ff08c5000-7f8ff0ac4000 ---p 0000f000 08:07 2485690                    /usr/lib/x86_64-linux-gnu/libXi.so.6.1.0
7f8ff0ac4000-7f8ff0ac5000 r--p 0000e000 08:07 2485690                    /usr/lib/x86_64-linux-gnu/libXi.so.6.1.0
7f8ff0ac5000-7f8ff0ac6000 rw-p 0000f000 08:07 2485690                    /usr/lib/x86_64-linux-gnu/libXi.so.6.1.0
7f8ff0ac6000-7f8ff0acb000 r-xp 00000000 08:07 2495018                    /usr/lib/x86_64-linux-gnu/libXtst.so.6.1.0
7f8ff0acb000-7f8ff0cca000 ---p 00005000 08:07 2495018                    /usr/lib/x86_64-linux-gnu/libXtst.so.6.1.0
7f8ff0cca000-7f8ff0ccb000 r--p 00004000 08:07 2495018                    /usr/lib/x86_64-linux-gnu/libXtst.so.6.1.0
7f8ff0ccb000-7f8ff0ccc000 rw-p 00005000 08:07 2495018                    /usr/lib/x86_64-linux-gnu/libXtst.so.6.1.0
7f8ff0ccc000-7f8ff0cd5000 r-xp 00000000 08:07 2494182                    /usr/lib/x86_64-linux-gnu/libXrender.so.1.3.0
7f8ff0cd5000-7f8ff0ed4000 ---p 00009000 08:07 2494182                    /usr/lib/x86_64-linux-gnu/libXrender.so.1.3.0
7f8ff0ed4000-7f8ff0ed5000 r--p 00008000 08:07 2494182                    /usr/lib/x86_64-linux-gnu/libXrender.so.1.3.0
7f8ff0ed5000-7f8ff0ed6000 rw-p 00009000 08:07 2494182                    /usr/lib/x86_64-linux-gnu/libXrender.so.1.3.0
7f8ff0ed6000-7f8ff1006000 r-xp 00000000 08:07 2494973                    /usr/lib/x86_64-linux-gnu/libX11.so.6.3.0
7f8ff1006000-7f8ff1206000 ---p 00130000 08:07 2494973                    /usr/lib/x86_64-linux-gnu/libX11.so.6.3.0
7f8ff1206000-7f8ff1207000 r--p 00130000 08:07 2494973                    /usr/lib/x86_64-linux-gnu/libX11.so.6.3.0
7f8ff1207000-7f8ff120b000 rw-p 00131000 08:07 2494973                    /usr/lib/x86_64-linux-gnu/libX11.so.6.3.0
7f8ff120b000-7f8ff121c000 r-xp 00000000 08:07 2494180                    /usr/lib/x86_64-linux-gnu/libXext.so.6.4.0
7f8ff121c000-7f8ff141b000 ---p 00011000 08:07 2494180                    /usr/lib/x86_64-linux-gnu/libXext.so.6.4.0
7f8ff141b000-7f8ff141c000 r--p 00010000 08:07 2494180                    /usr/lib/x86_64-linux-gnu/libXext.so.6.4.0
7f8ff141c000-7f8ff141d000 rw-p 00011000 08:07 2494180                    /usr/lib/x86_64-linux-gnu/libXext.so.6.4.0
7f8ff141d000-7f8ff1471000 r-xp 00000000 08:07 669006                     /usr/lib/jvm/java-8-oracle/jre/lib/amd64/libawt_xawt.so
7f8ff1471000-7f8ff1671000 ---p 00054000 08:07 669006                     /usr/lib/jvm/java-8-oracle/jre/lib/amd64/libawt_xawt.so
7f8ff1671000-7f8ff1675000 rw-p 00054000 08:07 669006                     /usr/lib/jvm/java-8-oracle/jre/lib/amd64/libawt_xawt.so
7f8ff1675000-7f8ff1676000 rw-p 00000000 00:00 0 
7f8ff1676000-7f8ff1718000 r-xp 00000000 08:07 669036                     /usr/lib/jvm/java-8-oracle/jre/lib/amd64/libawt.so
7f8ff1718000-7f8ff1918000 ---p 000a2000 08:07 669036                     /usr/lib/jvm/java-8-oracle/jre/lib/amd64/libawt.so
7f8ff1918000-7f8ff1924000 rw-p 000a2000 08:07 669036                     /usr/lib/jvm/java-8-oracle/jre/lib/amd64/libawt.so
7f8ff1924000-7f8ff1948000 rw-p 00000000 00:00 0 
7f8ff1948000-7f8ff1949000 ---p 00000000 00:00 0 
7f8ff1949000-7f8ff1a49000 rw-p 00000000 00:00 0                          [stack:3266]
7f8ff1a49000-7f8ff1a4c000 ---p 00000000 00:00 0 
7f8ff1a4c000-7f8ff1b4a000 rw-p 00000000 00:00 0                          [stack:3265]
7f8ff1b4a000-7f8ff1b4d000 ---p 00000000 00:00 0 
7f8ff1b4d000-7f8ff1c4b000 rw-p 00000000 00:00 0                          [stack:3264]
7f8ff1c4b000-7f8ff1c4e000 ---p 00000000 00:00 0 
7f8ff1c4e000-7f8ff1d4c000 rw-p 00000000 00:00 0                          [stack:3263]
7f8ff1d4c000-7f8ff1d4f000 ---p 00000000 00:00 0 
7f8ff1d4f000-7f8ff1e4d000 rw-p 00000000 00:00 0                          [stack:3262]
7f8ff1e4d000-7f8ff1e50000 ---p 00000000 00:00 0 
7f8ff1e50000-7f8ff1f4e000 rw-p 00000000 00:00 0                          [stack:3261]
7f8ff1f4e000-7f8ff1f51000 ---p 00000000 00:00 0 
7f8ff1f51000-7f8ff204f000 rw-p 00000000 00:00 0                          [stack:3260]
7f8ff204f000-7f8ff2743000 r--p 00000000 08:07 2493652                    /usr/lib/locale/locale-archive
7f8ff2743000-7f8ff2746000 ---p 00000000 00:00 0 
7f8ff2746000-7f8ff2844000 rw-p 00000000 00:00 0                          [stack:3258]
7f8ff2844000-7f8ff2847000 ---p 00000000 00:00 0 
7f8ff2847000-7f8ff2945000 rw-p 00000000 00:00 0                          [stack:3257]
7f8ff2945000-7f8ff2946000 ---p 00000000 00:00 0 
7f8ff2946000-7f8ff4000000 rw-p 00000000 00:00 0                          [stack:3256]
7f8ff4000000-7f8ff4021000 rw-p 00000000 00:00 0 
7f8ff4021000-7f8ff8000000 ---p 00000000 00:00 0 
7f8ff8000000-7f8ff8001000 r--s 00000000 08:07 278313                     /var/cache/fontconfig/1ac9eb803944fde146138c791f5cc56a-le64.cache-4
7f8ff8001000-7f8ff8006000 r--s 00000000 08:07 278327                     /var/cache/fontconfig/8801497958630a81b71ace7c5f9b32a8-le64.cache-4
7f8ff8006000-7f8ff800c000 r--s 00000000 08:07 278332                     /var/cache/fontconfig/b47c4e1ecd0709278f4910c18777a504-le64.cache-4
7f8ff800c000-7f8ffc000000 rw-p 00000000 00:00 0 
7f8ffc000000-7f8ffc021000 rw-p 00000000 00:00 0 
7f8ffc021000-7f9000000000 ---p 00000000 00:00 0 
7f9000000000-7f9000021000 rw-p 00000000 00:00 0 
7f9000021000-7f9004000000 ---p 00000000 00:00 0 
7f9004000000-7f9004021000 rw-p 00000000 00:00 0 
7f9004021000-7f9008000000 ---p 00000000 00:00 0 
7f9008000000-7f9008021000 rw-p 00000000 00:00 0 
7f9008021000-7f900c000000 ---p 00000000 00:00 0 
7f900c000000-7f900c021000 rw-p 00000000 00:00 0 
7f900c021000-7f9010000000 ---p 00000000 00:00 0 
7f9010000000-7f9010021000 rw-p 00000000 00:00 0 
7f9010021000-7f9014000000 ---p 00000000 00:00 0 
7f9014000000-7f9014021000 rw-p 00000000 00:00 0 
7f9014021000-7f9018000000 ---p 00000000 00:00 0 
7f9018000000-7f9019000000 rw-p 00000000 00:00 0 
7f9019000000-7f9019640000 rwxp 00000000 00:00 0 
7f9019640000-7f9028000000 ---p 00000000 00:00 0 
7f9028000000-7f90282cc000 rw-p 00000000 00:00 0 
7f90282cc000-7f902c000000 ---p 00000000 00:00 0 
7f902c000000-7f902c001000 r--s 00000000 08:07 278341                     /var/cache/fontconfig/dc05db6664285cc2f12bf69c139ae4c3-le64.cache-4
7f902c001000-7f902c002000 r--s 00000000 08:07 263175                     /var/cache/fontconfig/4794a0821666d79190d59a36cb4f44b5-le64.cache-4
7f902c002000-7f902c003000 r--s 00000000 08:07 278321                     /var/cache/fontconfig/56cf4f4769d0f4abc89a4895d7bd3ae1-le64.cache-4
7f902c003000-7f902c052000 rw-p 00000000 00:00 0 
7f902c052000-7f902c22a000 r--s 03d1d000 08:07 2633776                    /usr/lib/jvm/java-8-oracle/jre/lib/rt.jar
7f902c22a000-7f902c2a0000 rw-p 00000000 00:00 0 
7f902c2a0000-7f902c2a1000 ---p 00000000 00:00 0 
7f902c2a1000-7f902c3a1000 rw-p 00000000 00:00 0                          [stack:3255]
7f902c3a1000-7f902c3a2000 ---p 00000000 00:00 0 
7f902c3a2000-7f902c4a2000 rw-p 00000000 00:00 0                          [stack:3254]
7f902c4a2000-7f902c4a3000 ---p 00000000 00:00 0 
7f902c4a3000-7f902c5a3000 rw-p 00000000 00:00 0                          [stack:3253]
7f902c5a3000-7f902c5a4000 ---p 00000000 00:00 0 
7f902c5a4000-7f902c6a4000 rw-p 00000000 00:00 0                          [stack:3252]
7f902c6a4000-7f902c6a5000 ---p 00000000 00:00 0 
7f902c6a5000-7f902c7a5000 rw-p 00000000 00:00 0                          [stack:3251]
7f902c7a5000-7f902c7a6000 ---p 00000000 00:00 0 
7f902c7a6000-7f902c8a6000 rw-p 00000000 00:00 0                          [stack:3250]
7f902c8a6000-7f902c8a7000 ---p 00000000 00:00 0 
7f902c8a7000-7f902c9a7000 rw-p 00000000 00:00 0                          [stack:3249]
7f902c9a7000-7f902c9a8000 ---p 00000000 00:00 0 
7f902c9a8000-7f902cad2000 rw-p 00000000 00:00 0                          [stack:3248]
7f902cad2000-7f902cd3a000 ---p 00000000 00:00 0 
7f902cd3a000-7f902cd64000 rw-p 00000000 00:00 0 
7f902cd64000-7f902cfcc000 ---p 00000000 00:00 0 
7f902cfcc000-7f902cfe1000 rw-p 00000000 00:00 0 
7f902cfe1000-7f902d115000 ---p 00000000 00:00 0 
7f902d115000-7f902d12f000 rw-p 00000000 00:00 0 
7f902d12f000-7f902d4d6000 ---p 00000000 00:00 0 
7f902d4d6000-7f902d4f0000 r-xp 00000000 08:07 669003                     /usr/lib/jvm/java-8-oracle/jre/lib/amd64/libzip.so
7f902d4f0000-7f902d6f0000 ---p 0001a000 08:07 669003                     /usr/lib/jvm/java-8-oracle/jre/lib/amd64/libzip.so
7f902d6f0000-7f902d6f1000 rw-p 0001a000 08:07 669003                     /usr/lib/jvm/java-8-oracle/jre/lib/amd64/libzip.so
7f902d6f1000-7f902d6fc000 r-xp 00000000 08:07 2238725                    /lib/x86_64-linux-gnu/libnss_files-2.19.so
7f902d6fc000-7f902d8fb000 ---p 0000b000 08:07 2238725                    /lib/x86_64-linux-gnu/libnss_files-2.19.so
7f902d8fb000-7f902d8fc000 r--p 0000a000 08:07 2238725                    /lib/x86_64-linux-gnu/libnss_files-2.19.so
7f902d8fc000-7f902d8fd000 rw-p 0000b000 08:07 2238725                    /lib/x86_64-linux-gnu/libnss_files-2.19.so
7f902d8fd000-7f902d908000 r-xp 00000000 08:07 2238717                    /lib/x86_64-linux-gnu/libnss_nis-2.19.so
7f902d908000-7f902db07000 ---p 0000b000 08:07 2238717                    /lib/x86_64-linux-gnu/libnss_nis-2.19.so
7f902db07000-7f902db08000 r--p 0000a000 08:07 2238717                    /lib/x86_64-linux-gnu/libnss_nis-2.19.so
7f902db08000-7f902db09000 rw-p 0000b000 08:07 2238717                    /lib/x86_64-linux-gnu/libnss_nis-2.19.so
7f902db09000-7f902db20000 r-xp 00000000 08:07 2238713                    /lib/x86_64-linux-gnu/libnsl-2.19.so
7f902db20000-7f902dd1f000 ---p 00017000 08:07 2238713                    /lib/x86_64-linux-gnu/libnsl-2.19.so
7f902dd1f000-7f902dd20000 r--p 00016000 08:07 2238713                    /lib/x86_64-linux-gnu/libnsl-2.19.so
7f902dd20000-7f902dd21000 rw-p 00017000 08:07 2238713                    /lib/x86_64-linux-gnu/libnsl-2.19.so
7f902dd21000-7f902dd23000 rw-p 00000000 00:00 0 
7f902dd23000-7f902dd2c000 r-xp 00000000 08:07 2238712                    /lib/x86_64-linux-gnu/libnss_compat-2.19.so
7f902dd2c000-7f902df2b000 ---p 00009000 08:07 2238712                    /lib/x86_64-linux-gnu/libnss_compat-2.19.so
7f902df2b000-7f902df2c000 r--p 00008000 08:07 2238712                    /lib/x86_64-linux-gnu/libnss_compat-2.19.so
7f902df2c000-7f902df2d000 rw-p 00009000 08:07 2238712                    /lib/x86_64-linux-gnu/libnss_compat-2.19.so
7f902df2d000-7f902df57000 r-xp 00000000 08:07 668986                     /usr/lib/jvm/java-8-oracle/jre/lib/amd64/libjava.so
7f902df57000-7f902e157000 ---p 0002a000 08:07 668986                     /usr/lib/jvm/java-8-oracle/jre/lib/amd64/libjava.so
7f902e157000-7f902e159000 rw-p 0002a000 08:07 668986                     /usr/lib/jvm/java-8-oracle/jre/lib/amd64/libjava.so
7f902e159000-7f902e166000 r-xp 00000000 08:07 669031                     /usr/lib/jvm/java-8-oracle/jre/lib/amd64/libverify.so
7f902e166000-7f902e366000 ---p 0000d000 08:07 669031                     /usr/lib/jvm/java-8-oracle/jre/lib/amd64/libverify.so
7f902e366000-7f902e368000 rw-p 0000d000 08:07 669031                     /usr/lib/jvm/java-8-oracle/jre/lib/amd64/libverify.so
7f902e368000-7f902e36f000 r-xp 00000000 08:07 2238721                    /lib/x86_64-linux-gnu/librt-2.19.so
7f902e36f000-7f902e56e000 ---p 00007000 08:07 2238721                    /lib/x86_64-linux-gnu/librt-2.19.so
7f902e56e000-7f902e56f000 r--p 00006000 08:07 2238721                    /lib/x86_64-linux-gnu/librt-2.19.so
7f902e56f000-7f902e570000 rw-p 00007000 08:07 2238721                    /lib/x86_64-linux-gnu/librt-2.19.so
7f902e570000-7f902e675000 r-xp 00000000 08:07 2238707                    /lib/x86_64-linux-gnu/libm-2.19.so
7f902e675000-7f902e874000 ---p 00105000 08:07 2238707                    /lib/x86_64-linux-gnu/libm-2.19.so
7f902e874000-7f902e875000 r--p 00104000 08:07 2238707                    /lib/x86_64-linux-gnu/libm-2.19.so
7f902e875000-7f902e876000 rw-p 00105000 08:07 2238707                    /lib/x86_64-linux-gnu/libm-2.19.so
7f902e876000-7f902f535000 r-xp 00000000 08:07 1453644                    /usr/lib/jvm/java-8-oracle/jre/lib/amd64/server/libjvm.so
7f902f535000-7f902f734000 ---p 00cbf000 08:07 1453644                    /usr/lib/jvm/java-8-oracle/jre/lib/amd64/server/libjvm.so
7f902f734000-7f902f80d000 rw-p 00cbe000 08:07 1453644                    /usr/lib/jvm/java-8-oracle/jre/lib/amd64/server/libjvm.so
7f902f80d000-7f902f856000 rw-p 00000000 00:00 0 
7f902f856000-7f902fa11000 r-xp 00000000 08:07 2238722                    /lib/x86_64-linux-gnu/libc-2.19.so
7f902fa11000-7f902fc10000 ---p 001bb000 08:07 2238722                    /lib/x86_64-linux-gnu/libc-2.19.so
7f902fc10000-7f902fc14000 r--p 001ba000 08:07 2238722                    /lib/x86_64-linux-gnu/libc-2.19.so
7f902fc14000-7f902fc16000 rw-p 001be000 08:07 2238722                    /lib/x86_64-linux-gnu/libc-2.19.so
7f902fc16000-7f902fc1b000 rw-p 00000000 00:00 0 
7f902fc1b000-7f902fc1e000 r-xp 00000000 08:07 2238709                    /lib/x86_64-linux-gnu/libdl-2.19.so
7f902fc1e000-7f902fe1d000 ---p 00003000 08:07 2238709                    /lib/x86_64-linux-gnu/libdl-2.19.so
7f902fe1d000-7f902fe1e000 r--p 00002000 08:07 2238709                    /lib/x86_64-linux-gnu/libdl-2.19.so
7f902fe1e000-7f902fe1f000 rw-p 00003000 08:07 2238709                    /lib/x86_64-linux-gnu/libdl-2.19.so
7f902fe1f000-7f902fe34000 r-xp 00000000 08:07 2633888                    /usr/lib/jvm/java-8-oracle/lib/amd64/jli/libjli.so
7f902fe34000-7f9030034000 ---p 00015000 08:07 2633888                    /usr/lib/jvm/java-8-oracle/lib/amd64/jli/libjli.so
7f9030034000-7f9030035000 rw-p 00015000 08:07 2633888                    /usr/lib/jvm/java-8-oracle/lib/amd64/jli/libjli.so
7f9030035000-7f903004e000 r-xp 00000000 08:07 2238714                    /lib/x86_64-linux-gnu/libpthread-2.19.so
7f903004e000-7f903024d000 ---p 00019000 08:07 2238714                    /lib/x86_64-linux-gnu/libpthread-2.19.so
7f903024d000-7f903024e000 r--p 00018000 08:07 2238714                    /lib/x86_64-linux-gnu/libpthread-2.19.so
7f903024e000-7f903024f000 rw-p 00019000 08:07 2238714                    /lib/x86_64-linux-gnu/libpthread-2.19.so
7f903024f000-7f9030253000 rw-p 00000000 00:00 0 
7f9030253000-7f9030276000 r-xp 00000000 08:07 2238715                    /lib/x86_64-linux-gnu/ld-2.19.so
7f9030276000-7f903027f000 r--s 00000000 08:07 262884                     /var/cache/fontconfig/3f7329c5293ffd510edef78f73874cfd-le64.cache-4
7f903027f000-7f903028a000 r--s 00000000 08:07 267659                     /var/cache/fontconfig/d589a48862398ed80a3d6066f4f56f4c-le64.cache-4
7f903028a000-7f903028e000 r--s 00000000 08:07 279091                     /var/cache/fontconfig/7ef2298fde41cc6eeb7af42e48b7d293-le64.cache-4
7f903028e000-7f9030359000 rw-p 00000000 00:00 0 
7f9030359000-7f903035c000 ---p 00000000 00:00 0 
7f903035c000-7f903045e000 rw-p 00000000 00:00 0                          [stack:3247]
7f903045e000-7f903045f000 r--s 00000000 08:07 278333                     /var/cache/fontconfig/b9d506c9ac06c20b433354fa67a72993-le64.cache-4
7f903045f000-7f9030460000 r--s 00000000 08:07 278310                     /var/cache/fontconfig/0c9eb80ebd1c36541ebe2852d3bb0c49-le64.cache-4
7f9030460000-7f9030461000 r--s 00000000 08:07 267713                     /var/cache/fontconfig/e0aa53bcfa504e64f87823c16bc01eb6-le64.cache-4
7f9030461000-7f9030469000 r--s 000c4000 08:07 2635929                    /usr/local/netbeans-8.1/ide/modules/ext/mysql-connector-java-5.1.23-bin.jar
7f9030469000-7f9030471000 rw-s 00000000 08:07 2111270                    /tmp/hsperfdata_root/3242
7f9030471000-7f9030472000 rw-p 00000000 00:00 0 
7f9030472000-7f9030473000 r--p 00000000 00:00 0 
7f9030473000-7f9030475000 rw-p 00000000 00:00 0 
7f9030475000-7f9030476000 r--p 00022000 08:07 2238715                    /lib/x86_64-linux-gnu/ld-2.19.so
7f9030476000-7f9030477000 rw-p 00023000 08:07 2238715                    /lib/x86_64-linux-gnu/ld-2.19.so
7f9030477000-7f9030478000 rw-p 00000000 00:00 0 
7ffe6bf9c000-7ffe6bfbd000 rw-p 00000000 00:00 0                          [stack]
7ffe6bfc4000-7ffe6bfc6000 r-xp 00000000 00:00 0                          [vdso]
ffffffffff600000-ffffffffff601000 r-xp 00000000 00:00 0                  [vsyscall]

VM Arguments:
jvm_args: -Dfile.encoding=UTF-8 
java_command: chatterclient.Login
java_class_path (initial): /usr/local/netbeans-8.1/ide/modules/ext/mysql-connector-java-5.1.23-bin.jar:/home/ahmed/Desktop/JAVA/Chatter/Chatter_Copy/Chatter/ChatterClient/build/classes
Launcher Type: SUN_STANDARD

Environment Variables:
PATH=/usr/local/sbin:/usr/local/bin:/usr/sbin:/usr/bin:/sbin:/bin:/usr/games:/usr/local/games
LD_LIBRARY_PATH=/usr/lib/jvm/java-8-oracle/jre/lib/amd64:/usr/lib/jvm/java-8-oracle/jre/lib/i386:
SHELL=/bin/bash
DISPLAY=:0

Signal Handlers:
SIGSEGV: [libjvm.so+0xabb070], sa_mask[0]=11111111011111111101111111111110, sa_flags=SA_RESTART|SA_SIGINFO
SIGBUS: [libjvm.so+0xabb070], sa_mask[0]=11111111011111111101111111111110, sa_flags=SA_RESTART|SA_SIGINFO
SIGFPE: [libjvm.so+0x918480], sa_mask[0]=11111111011111111101111111111110, sa_flags=SA_RESTART|SA_SIGINFO
SIGPIPE: [libjvm.so+0x918480], sa_mask[0]=11111111011111111101111111111110, sa_flags=SA_RESTART|SA_SIGINFO
SIGXFSZ: [libjvm.so+0x918480], sa_mask[0]=11111111011111111101111111111110, sa_flags=SA_RESTART|SA_SIGINFO
SIGILL: [libjvm.so+0x918480], sa_mask[0]=11111111011111111101111111111110, sa_flags=SA_RESTART|SA_SIGINFO
SIGUSR1: SIG_DFL, sa_mask[0]=00000000000000000000000000000000, sa_flags=none
SIGUSR2: [libjvm.so+0x919ab0], sa_mask[0]=00100000000000000000000000000000, sa_flags=SA_RESTART|SA_SIGINFO
SIGHUP: [libjvm.so+0x91aeb0], sa_mask[0]=11111111011111111101111111111110, sa_flags=SA_RESTART|SA_SIGINFO
SIGINT: SIG_IGN, sa_mask[0]=00000000000000000000000000000000, sa_flags=none
SIGTERM: [libjvm.so+0x91aeb0], sa_mask[0]=11111111011111111101111111111110, sa_flags=SA_RESTART|SA_SIGINFO
SIGQUIT: [libjvm.so+0x91aeb0], sa_mask[0]=11111111011111111101111111111110, sa_flags=SA_RESTART|SA_SIGINFO


---------------  S Y S T E M  ---------------

OS:DISTRIB_ID=Ubuntu
DISTRIB_RELEASE=14.04
DISTRIB_CODENAME=trusty
DISTRIB_DESCRIPTION="Ubuntu 14.04.4 LTS"

uname:Linux 3.13.0-77-generic #121-Ubuntu SMP Wed Jan 20 10:50:42 UTC 2016 x86_64
libc:glibc 2.19 NPTL 2.19 
rlimit: STACK 8192k, CORE 0k, NPROC 62950, NOFILE 4096, AS infinity
load average:0.42 0.32 0.32

/proc/meminfo:
MemTotal:        8080020 kB
MemFree:         5629584 kB
Buffers:          121088 kB
Cached:          1061400 kB
SwapCached:            0 kB
Active:          1371436 kB
Inactive:         867016 kB
Active(anon):    1058124 kB
Inactive(anon):   176792 kB
Active(file):     313312 kB
Inactive(file):   690224 kB
Unevictable:          64 kB
Mlocked:              64 kB
SwapTotal:       9222136 kB
SwapFree:        9222136 kB
Dirty:               172 kB
Writeback:             0 kB
AnonPages:        997536 kB
Mapped:           236292 kB
Shmem:            179192 kB
Slab:              96620 kB
SReclaimable:      58056 kB
SUnreclaim:        38564 kB
KernelStack:        5832 kB
PageTables:        22208 kB
NFS_Unstable:          0 kB
Bounce:                0 kB
WritebackTmp:          0 kB
CommitLimit:    13262144 kB
Committed_AS:    4570808 kB
VmallocTotal:   34359738367 kB
VmallocUsed:      410748 kB
VmallocChunk:   34359318012 kB
HardwareCorrupted:     0 kB
AnonHugePages:    645120 kB
HugePages_Total:       0
HugePages_Free:        0
HugePages_Rsvd:        0
HugePages_Surp:        0
Hugepagesize:       2048 kB
DirectMap4k:      102848 kB
DirectMap2M:     8189952 kB


CPU:total 8 (4 cores per cpu, 2 threads per core) family 6 model 42 stepping 7, cmov, cx8, fxsr, mmx, sse, sse2, sse3, ssse3, sse4.1, sse4.2, popcnt, avx, aes, clmul, ht, tsc, tscinvbit

/proc/cpuinfo:
processor	: 0
vendor_id	: GenuineIntel
cpu family	: 6
model		: 42
model name	: Intel(R) Core(TM) i7-2670QM CPU @ 2.20GHz
stepping	: 7
microcode	: 0x1b
cpu MHz		: 1800.000
cache size	: 6144 KB
physical id	: 0
siblings	: 8
core id		: 0
cpu cores	: 4
apicid		: 0
initial apicid	: 0
fpu		: yes
fpu_exception	: yes
cpuid level	: 13
wp		: yes
flags		: fpu vme de pse tsc msr pae mce cx8 apic sep mtrr pge mca cmov pat pse36 clflush dts acpi mmx fxsr sse sse2 ss ht tm pbe syscall nx rdtscp lm constant_tsc arch_perfmon pebs bts rep_good nopl xtopology nonstop_tsc aperfmperf eagerfpu pni pclmulqdq dtes64 monitor ds_cpl vmx est tm2 ssse3 cx16 xtpr pdcm pcid sse4_1 sse4_2 x2apic popcnt tsc_deadline_timer aes xsave avx lahf_lm ida arat epb xsaveopt pln pts dtherm tpr_shadow vnmi flexpriority ept vpid
bogomips	: 4389.85
clflush size	: 64
cache_alignment	: 64
address sizes	: 36 bits physical, 48 bits virtual
power management:

processor	: 1
vendor_id	: GenuineIntel
cpu family	: 6
model		: 42
model name	: Intel(R) Core(TM) i7-2670QM CPU @ 2.20GHz
stepping	: 7
microcode	: 0x1b
cpu MHz		: 2201.000
cache size	: 6144 KB
physical id	: 0
siblings	: 8
core id		: 1
cpu cores	: 4
apicid		: 2
initial apicid	: 2
fpu		: yes
fpu_exception	: yes
cpuid level	: 13
wp		: yes
flags		: fpu vme de pse tsc msr pae mce cx8 apic sep mtrr pge mca cmov pat pse36 clflush dts acpi mmx fxsr sse sse2 ss ht tm pbe syscall nx rdtscp lm constant_tsc arch_perfmon pebs bts rep_good nopl xtopology nonstop_tsc aperfmperf eagerfpu pni pclmulqdq dtes64 monitor ds_cpl vmx est tm2 ssse3 cx16 xtpr pdcm pcid sse4_1 sse4_2 x2apic popcnt tsc_deadline_timer aes xsave avx lahf_lm ida arat epb xsaveopt pln pts dtherm tpr_shadow vnmi flexpriority ept vpid
bogomips	: 4389.85
clflush size	: 64
cache_alignment	: 64
address sizes	: 36 bits physical, 48 bits virtual
power management:

processor	: 2
vendor_id	: GenuineIntel
cpu family	: 6
model		: 42
model name	: Intel(R) Core(TM) i7-2670QM CPU @ 2.20GHz
stepping	: 7
microcode	: 0x1b
cpu MHz		: 1700.000
cache size	: 6144 KB
physical id	: 0
siblings	: 8
core id		: 2
cpu cores	: 4
apicid		: 4
initial apicid	: 4
fpu		: yes
fpu_exception	: yes
cpuid level	: 13
wp		: yes
flags		: fpu vme de pse tsc msr pae mce cx8 apic sep mtrr pge mca cmov pat pse36 clflush dts acpi mmx fxsr sse sse2 ss ht tm pbe syscall nx rdtscp lm constant_tsc arch_perfmon pebs bts rep_good nopl xtopology nonstop_tsc aperfmperf eagerfpu pni pclmulqdq dtes64 monitor ds_cpl vmx est tm2 ssse3 cx16 xtpr pdcm pcid sse4_1 sse4_2 x2apic popcnt tsc_deadline_timer aes xsave avx lahf_lm ida arat epb xsaveopt pln pts dtherm tpr_shadow vnmi flexpriority ept vpid
bogomips	: 4389.85
clflush size	: 64
cache_alignment	: 64
address sizes	: 36 bits physical, 48 bits virtual
power management:

processor	: 3
vendor_id	: GenuineIntel
cpu family	: 6
model		: 42
model name	: Intel(R) Core(TM) i7-2670QM CPU @ 2.20GHz
stepping	: 7
microcode	: 0x1b
cpu MHz		: 2201.000
cache size	: 6144 KB
physical id	: 0
siblings	: 8
core id		: 3
cpu cores	: 4
apicid		: 6
initial apicid	: 6
fpu		: yes
fpu_exception	: yes
cpuid level	: 13
wp		: yes
flags		: fpu vme de pse tsc msr pae mce cx8 apic sep mtrr pge mca cmov pat pse36 clflush dts acpi mmx fxsr sse sse2 ss ht tm pbe syscall nx rdtscp lm constant_tsc arch_perfmon pebs bts rep_good nopl xtopology nonstop_tsc aperfmperf eagerfpu pni pclmulqdq dtes64 monitor ds_cpl vmx est tm2 ssse3 cx16 xtpr pdcm pcid sse4_1 sse4_2 x2apic popcnt tsc_deadline_timer aes xsave avx lahf_lm ida arat epb xsaveopt pln pts dtherm tpr_shadow vnmi flexpriority ept vpid
bogomips	: 4389.85
clflush size	: 64
cache_alignment	: 64
address sizes	: 36 bits physical, 48 bits virtual
power management:

processor	: 4
vendor_id	: GenuineIntel
cpu family	: 6
model		: 42
model name	: Intel(R) Core(TM) i7-2670QM CPU @ 2.20GHz
stepping	: 7
microcode	: 0x1b
cpu MHz		: 1600.000
cache size	: 6144 KB
physical id	: 0
siblings	: 8
core id		: 0
cpu cores	: 4
apicid		: 1
initial apicid	: 1
fpu		: yes
fpu_exception	: yes
cpuid level	: 13
wp		: yes
flags		: fpu vme de pse tsc msr pae mce cx8 apic sep mtrr pge mca cmov pat pse36 clflush dts acpi mmx fxsr sse sse2 ss ht tm pbe syscall nx rdtscp lm constant_tsc arch_perfmon pebs bts rep_good nopl xtopology nonstop_tsc aperfmperf eagerfpu pni pclmulqdq dtes64 monitor ds_cpl vmx est tm2 ssse3 cx16 xtpr pdcm pcid sse4_1 sse4_2 x2apic popcnt tsc_deadline_timer aes xsave avx lahf_lm ida arat epb xsaveopt pln pts dtherm tpr_shadow vnmi flexpriority ept vpid
bogomips	: 4389.85
clflush size	: 64
cache_alignment	: 64
address sizes	: 36 bits physical, 48 bits virtual
power management:

processor	: 5
vendor_id	: GenuineIntel
cpu family	: 6
model		: 42
model name	: Intel(R) Core(TM) i7-2670QM CPU @ 2.20GHz
stepping	: 7
microcode	: 0x1b
cpu MHz		: 2201.000
cache size	: 6144 KB
physical id	: 0
siblings	: 8
core id		: 1
cpu cores	: 4
apicid		: 3
initial apicid	: 3
fpu		: yes
fpu_exception	: yes
cpuid level	: 13
wp		: yes
flags		: fpu vme de pse tsc msr pae mce cx8 apic sep mtrr pge mca cmov pat pse36 clflush dts acpi mmx fxsr sse sse2 ss ht tm pbe syscall nx rdtscp lm constant_tsc arch_perfmon pebs bts rep_good nopl xtopology nonstop_tsc aperfmperf eagerfpu pni pclmulqdq dtes64 monitor ds_cpl vmx est tm2 ssse3 cx16 xtpr pdcm pcid sse4_1 sse4_2 x2apic popcnt tsc_deadline_timer aes xsave avx lahf_lm ida arat epb xsaveopt pln pts dtherm tpr_shadow vnmi flexpriority ept vpid
bogomips	: 4389.85
clflush size	: 64
cache_alignment	: 64
address sizes	: 36 bits physical, 48 bits virtual
power management:

processor	: 6
vendor_id	: GenuineIntel
cpu family	: 6
model		: 42
model name	: Intel(R) Core(TM) i7-2670QM CPU @ 2.20GHz
stepping	: 7
microcode	: 0x1b
cpu MHz		: 2000.000
cache size	: 6144 KB
physical id	: 0
siblings	: 8
core id		: 2
cpu cores	: 4
apicid		: 5
initial apicid	: 5
fpu		: yes
fpu_exception	: yes
cpuid level	: 13
wp		: yes
flags		: fpu vme de pse tsc msr pae mce cx8 apic sep mtrr pge mca cmov pat pse36 clflush dts acpi mmx fxsr sse sse2 ss ht tm pbe syscall nx rdtscp lm constant_tsc arch_perfmon pebs bts rep_good nopl xtopology nonstop_tsc aperfmperf eagerfpu pni pclmulqdq dtes64 monitor ds_cpl vmx est tm2 ssse3 cx16 xtpr pdcm pcid sse4_1 sse4_2 x2apic popcnt tsc_deadline_timer aes xsave avx lahf_lm ida arat epb xsaveopt pln pts dtherm tpr_shadow vnmi flexpriority ept vpid
bogomips	: 4389.85
clflush size	: 64
cache_alignment	: 64
address sizes	: 36 bits physical, 48 bits virtual
power management:

processor	: 7
vendor_id	: GenuineIntel
cpu family	: 6
model		: 42
model name	: Intel(R) Core(TM) i7-2670QM CPU @ 2.20GHz
stepping	: 7
microcode	: 0x1b
cpu MHz		: 2201.000
cache size	: 6144 KB
physical id	: 0
siblings	: 8
core id		: 3
cpu cores	: 4
apicid		: 7
initial apicid	: 7
fpu		: yes
fpu_exception	: yes
cpuid level	: 13
wp		: yes
flags		: fpu vme de pse tsc msr pae mce cx8 apic sep mtrr pge mca cmov pat pse36 clflush dts acpi mmx fxsr sse sse2 ss ht tm pbe syscall nx rdtscp lm constant_tsc arch_perfmon pebs bts rep_good nopl xtopology nonstop_tsc aperfmperf eagerfpu pni pclmulqdq dtes64 monitor ds_cpl vmx est tm2 ssse3 cx16 xtpr pdcm pcid sse4_1 sse4_2 x2apic popcnt tsc_deadline_timer aes xsave avx lahf_lm ida arat epb xsaveopt pln pts dtherm tpr_shadow vnmi flexpriority ept vpid
bogomips	: 4389.85
clflush size	: 64
cache_alignment	: 64
address sizes	: 36 bits physical, 48 bits virtual
power management:



Memory: 4k page, physical 8080020k(5692036k free), swap 9222136k(9222136k free)

vm_info: Java HotSpot(TM) 64-Bit Server VM (25.72-b15) for linux-amd64 JRE (1.8.0_72-b15), built on Dec 22 2015 22:00:07 by "java_re" with gcc 4.3.0 20080428 (Red Hat 4.3.0-8)

time: Wed Mar  2 16:06:20 2016
elapsed time: 1644 seconds (0d 0h 27m 24s)

